<?xml version="1.0" encoding="UTF-8"?>
<!-- Generated by org.testng.reporters.JUnitXMLReporter -->
<testsuite hostname="D102532" name="Times_Digital 1" tests="3" failures="0" timestamp="16 Nov 2016 09:01:20 GMT" time="942.108" errors="0">
  <testcase name="Publishing_system" time="366.679" classname="news.co.uk.Main.TE1"/>
  <testcase name="label_friendurl" time="181.87" classname="news.co.uk.Main.TE2"/>
  <testcase name="adding_related_link" time="393.064" classname="news.co.uk.Main.TE3"/>
</testsuite> <!-- Times_Digital 1 -->
