<?xml version="1.0" encoding="UTF-8"?>
<!-- Generated by org.testng.reporters.JUnitXMLReporter -->
<testsuite hostname="D102532" name="Times_Digital" tests="10" failures="3" timestamp="11 Nov 2016 14:52:49 GMT" time="885.485" errors="0">
  <testcase name="tc1" time="337.857" classname="news.co.uk.Main.TE1"/>
  <testcase name="tc2" time="93.415" classname="news.co.uk.Main.TE2"/>
  <testcase name="tc3" time="62.703" classname="news.co.uk.Main.TE3"/>
  <testcase name="friendlyURL" time="0.001" classname="news.co.uk.Main.TE2">
    <failure type="java.lang.NullPointerException">
      <![CDATA[java.lang.NullPointerException
	at news.co.uk.Main.Automation.amazon_freindurl(Automation.java:747)
	at news.co.uk.Main.TE2.friendlyURL(TE2.java:30)
... Removed 25 stack frames]]>
    </failure>
  </testcase> <!-- friendlyURL -->
  <testcase name="related_link" time="80.524" classname="news.co.uk.Main.TE3"/>
  <testcase name="label" time="0.001" classname="news.co.uk.Main.TE2">
    <failure type="java.lang.NullPointerException">
      <![CDATA[java.lang.NullPointerException
	at news.co.uk.Main.Automation.LabelS3_bucket(Automation.java:408)
	at news.co.uk.Main.TE2.label(TE2.java:37)
... Removed 25 stack frames]]>
    </failure>
  </testcase> <!-- label -->
  <testcase name="text" time="185.85" classname="news.co.uk.Main.TE3"/>
  <testcase name="closing" time="62.722" classname="news.co.uk.Main.TE2"/>
  <testcase name="links" time="0.001" classname="news.co.uk.Main.TE3">
    <failure type="java.lang.NullPointerException">
      <![CDATA[java.lang.NullPointerException
	at news.co.uk.Main.Automation.browser_relatedlinks(Automation.java:1153)
	at news.co.uk.Main.TE3.links(TE3.java:64)
... Removed 25 stack frames]]>
    </failure>
  </testcase> <!-- links -->
  <testcase name="closing" time="61.795" classname="news.co.uk.Main.TE3"/>
</testsuite> <!-- Times_Digital -->
