<?xml version="1.0" encoding="UTF-8"?>
<!-- Generated by org.testng.reporters.JUnitXMLReporter -->
<testsuite hostname="D102532" name="Times_Digital" tests="5" failures="0" timestamp="24 Oct 2016 09:04:54 GMT" time="947.795" errors="0">
  <testcase name="tc1" time="379.213" classname="news.co.uk.Main.TC1"/>
  <testcase name="tc2" time="83.698" classname="news.co.uk.Main.TC2"/>
  <testcase name="ps_update" time="181.971" classname="news.co.uk.Main.TC3"/>
  <testcase name="articletimestamp" time="133.087" classname="news.co.uk.Main.TC4"/>
  <testcase name="update_article_timestamp" time="169.795" classname="news.co.uk.Main.TC5"/>
</testsuite> <!-- Times_Digital -->
