<?xml version="1.0" encoding="UTF-8"?>
<!-- Generated by org.testng.reporters.JUnitXMLReporter -->
<testsuite hostname="D102532" name="Times_Digital 1" tests="4" failures="0" timestamp="12 Nov 2016 12:41:28 GMT" time="982.614" errors="0">
  <testcase name="Publishing_system" time="328.248" classname="news.co.uk.Main.TE1"/>
  <testcase name="label_friendurl" time="118.324" classname="news.co.uk.Main.TE2"/>
  <testcase name="adding_related_link" time="349.57" classname="news.co.uk.Main.TE3"/>
  <testcase name="dummy" time="186.08" classname="news.co.uk.Main.TE4"/>
</testsuite> <!-- Times_Digital 1 -->
