<?xml version="1.0" encoding="UTF-8"?>
<testng-results skipped="0" failed="0" total="3" passed="3">
  <reporter-output>
  </reporter-output>
  <suite name="Suite1" duration-ms="942108" started-at="2016-11-16T08:45:38Z" finished-at="2016-11-16T09:01:20Z">
    <groups>
    </groups>
    <test name="Times_Digital 1" duration-ms="942108" started-at="2016-11-16T08:45:38Z" finished-at="2016-11-16T09:01:20Z">
      <class name="news.co.uk.Main.TE3">
        <test-method status="PASS" signature="adding_related_link()[pri:1, instance:news.co.uk.Main.TE3@7cd62f43]" name="adding_related_link" duration-ms="393064" started-at="2016-11-16T08:54:47Z" finished-at="2016-11-16T09:01:20Z">
          <reporter-output>
          </reporter-output>
        </test-method> <!-- adding_related_link -->
        <test-method status="PASS" signature="beforeMethod(java.lang.reflect.Method)[pri:0, instance:news.co.uk.Main.TE3@7cd62f43]" name="beforeMethod" is-config="true" duration-ms="0" started-at="2016-11-16T08:54:47Z" finished-at="2016-11-16T08:54:47Z">
          <params>
            <param index="0">
              <value>
                <![CDATA[public void news.co.uk.Main.TE3.adding_related_link() throws java.lang.Exception]]>
              </value>
            </param>
          </params>
          <reporter-output>
          </reporter-output>
        </test-method> <!-- beforeMethod -->
        <test-method status="PASS" signature="afterMethod(org.testng.ITestResult)[pri:0, instance:news.co.uk.Main.TE3@7cd62f43]" name="afterMethod" is-config="true" duration-ms="41" started-at="2016-11-16T09:01:20Z" finished-at="2016-11-16T09:01:20Z">
          <params>
            <param index="0">
              <value>
                <![CDATA[[TestResult name=adding_related_link status=SUCCESS method=TE3.adding_related_link()[pri:1, instance:news.co.uk.Main.TE3@7cd62f43] output={null}]]]>
              </value>
            </param>
          </params>
          <reporter-output>
          </reporter-output>
        </test-method> <!-- afterMethod -->
      </class> <!-- news.co.uk.Main.TE3 -->
      <class name="news.co.uk.Main.TE1">
        <test-method status="PASS" signature="launching()[pri:0, instance:news.co.uk.Main.TE1@685cb137]" name="launching" is-config="true" duration-ms="204" started-at="2016-11-16T08:45:37Z" finished-at="2016-11-16T08:45:37Z">
          <reporter-output>
          </reporter-output>
        </test-method> <!-- launching -->
        <test-method status="PASS" signature="beforeMethod(java.lang.reflect.Method)[pri:0, instance:news.co.uk.Main.TE1@685cb137]" name="beforeMethod" is-config="true" duration-ms="3" started-at="2016-11-16T08:45:38Z" finished-at="2016-11-16T08:45:38Z">
          <params>
            <param index="0">
              <value>
                <![CDATA[public void news.co.uk.Main.TE1.Publishing_system() throws java.lang.Exception]]>
              </value>
            </param>
          </params>
          <reporter-output>
          </reporter-output>
        </test-method> <!-- beforeMethod -->
        <test-method status="PASS" signature="Publishing_system()[pri:1, instance:news.co.uk.Main.TE1@685cb137]" name="Publishing_system" duration-ms="366679" started-at="2016-11-16T08:45:38Z" finished-at="2016-11-16T08:51:44Z">
          <reporter-output>
          </reporter-output>
        </test-method> <!-- Publishing_system -->
        <test-method status="PASS" signature="afterMethod(org.testng.ITestResult)[pri:0, instance:news.co.uk.Main.TE1@685cb137]" name="afterMethod" is-config="true" duration-ms="387" started-at="2016-11-16T08:51:44Z" finished-at="2016-11-16T08:51:45Z">
          <params>
            <param index="0">
              <value>
                <![CDATA[[TestResult name=Publishing_system status=SUCCESS method=TE1.Publishing_system()[pri:1, instance:news.co.uk.Main.TE1@685cb137] output={null}]]]>
              </value>
            </param>
          </params>
          <reporter-output>
          </reporter-output>
        </test-method> <!-- afterMethod -->
        <test-method status="PASS" signature="afterSuite()[pri:0, instance:news.co.uk.Main.TE1@685cb137]" name="afterSuite" is-config="true" duration-ms="28" started-at="2016-11-16T09:01:20Z" finished-at="2016-11-16T09:01:20Z">
          <reporter-output>
          </reporter-output>
        </test-method> <!-- afterSuite -->
      </class> <!-- news.co.uk.Main.TE1 -->
      <class name="news.co.uk.Main.TE2">
        <test-method status="PASS" signature="label_friendurl()[pri:1, instance:news.co.uk.Main.TE2@6a41eaa2]" name="label_friendurl" duration-ms="181870" started-at="2016-11-16T08:51:45Z" finished-at="2016-11-16T08:54:46Z">
          <reporter-output>
          </reporter-output>
        </test-method> <!-- label_friendurl -->
        <test-method status="PASS" signature="beforeMethod(java.lang.reflect.Method)[pri:0, instance:news.co.uk.Main.TE2@6a41eaa2]" name="beforeMethod" is-config="true" duration-ms="0" started-at="2016-11-16T08:51:45Z" finished-at="2016-11-16T08:51:45Z">
          <params>
            <param index="0">
              <value>
                <![CDATA[public void news.co.uk.Main.TE2.label_friendurl() throws java.lang.Exception]]>
              </value>
            </param>
          </params>
          <reporter-output>
          </reporter-output>
        </test-method> <!-- beforeMethod -->
        <test-method status="PASS" signature="afterMethod(org.testng.ITestResult)[pri:0, instance:news.co.uk.Main.TE2@6a41eaa2]" name="afterMethod" is-config="true" duration-ms="45" started-at="2016-11-16T08:54:46Z" finished-at="2016-11-16T08:54:47Z">
          <params>
            <param index="0">
              <value>
                <![CDATA[[TestResult name=label_friendurl status=SUCCESS method=TE2.label_friendurl()[pri:1, instance:news.co.uk.Main.TE2@6a41eaa2] output={null}]]]>
              </value>
            </param>
          </params>
          <reporter-output>
          </reporter-output>
        </test-method> <!-- afterMethod -->
      </class> <!-- news.co.uk.Main.TE2 -->
    </test> <!-- Times_Digital 1 -->
  </suite> <!-- Suite1 -->
</testng-results>
